<?xml version="1.0" encoding="UTF-8"?>
<!-- Generated by org.testng.reporters.JUnitReportReporter -->
<testsuite skipped="0" hostname="DESKTOP-BV5IUMI" name="samplePack.LaunchBrowserCheck" tests="1" failures="0" timestamp="31 May 2018 05:43:31 GMT" time="0.016" errors="0">
  <testcase name="launchCheck" time="0.016" classname="samplePack.LaunchBrowserCheck"/>
</testsuite> <!-- samplePack.LaunchBrowserCheck -->
