<?xml version="1.0" encoding="UTF-8"?>
<!-- Generated by org.testng.reporters.JUnitReportReporter -->
<testsuite skipped="0" hostname="DESKTOP-BV5IUMI" name="samplePack.LaunchBrowserCheck" tests="1" failures="0" timestamp="31 May 2018 12:04:24 GMT" time="14.434" errors="0">
  <testcase name="launchCheck" time="14.434" classname="samplePack.LaunchBrowserCheck"/>
</testsuite> <!-- samplePack.LaunchBrowserCheck -->
